C:\USERS\COSIMODAVIDE\DESKTOP\PROGETTO\3D MODEL\3D MODEL\DEBUG\3D MODEL.EXE.INTERMEDIATE.MANIFEST
C:\USERS\COSIMODAVIDE\DESKTOP\PROGETTO\3D MODEL\3D MODEL\DEBUG\AUDIO.OBJ
C:\USERS\COSIMODAVIDE\DESKTOP\PROGETTO\3D MODEL\3D MODEL\DEBUG\BULLET.OBJ
C:\USERS\COSIMODAVIDE\DESKTOP\PROGETTO\3D MODEL\3D MODEL\DEBUG\DEATHSTAR.OBJ
C:\USERS\COSIMODAVIDE\DESKTOP\PROGETTO\3D MODEL\3D MODEL\DEBUG\EXPLOSION.OBJ
C:\USERS\COSIMODAVIDE\DESKTOP\PROGETTO\3D MODEL\3D MODEL\DEBUG\MAIN.OBJ
C:\USERS\COSIMODAVIDE\DESKTOP\PROGETTO\3D MODEL\3D MODEL\DEBUG\MODEL.OBJ
C:\USERS\COSIMODAVIDE\DESKTOP\PROGETTO\3D MODEL\3D MODEL\DEBUG\TEXTURE.OBJ
C:\USERS\COSIMODAVIDE\DESKTOP\PROGETTO\3D MODEL\3D MODEL\DEBUG\TIEFIGHTER.OBJ
C:\USERS\COSIMODAVIDE\DESKTOP\PROGETTO\3D MODEL\3D MODEL\DEBUG\VC100.PDB
C:\USERS\COSIMODAVIDE\DESKTOP\PROGETTO\3D MODEL\3D MODEL\DEBUG\XWINGS.OBJ
C:\USERS\COSIMODAVIDE\DESKTOP\PROGETTO\3D MODEL\DEBUG\3D MODEL.EXE
C:\USERS\COSIMODAVIDE\DESKTOP\PROGETTO\3D MODEL\DEBUG\3D MODEL.ILK
C:\USERS\COSIMODAVIDE\DESKTOP\PROGETTO\3D MODEL\DEBUG\3D MODEL.PDB
C:\USERS\COSIMODAVIDE\DESKTOP\STAR WARS PROJECT\3D MODEL\3D MODEL\DEBUG\3D MODEL.EXE.INTERMEDIATE.MANIFEST
C:\USERS\COSIMODAVIDE\DESKTOP\STAR WARS PROJECT\3D MODEL\3D MODEL\DEBUG\AUDIO.OBJ
C:\USERS\COSIMODAVIDE\DESKTOP\STAR WARS PROJECT\3D MODEL\3D MODEL\DEBUG\BULLET.OBJ
C:\Users\CosimoDavide\Desktop\Star Wars Project\3D Model\3D Model\Debug\cl.command.1.tlog
C:\Users\CosimoDavide\Desktop\Star Wars Project\3D Model\3D Model\Debug\CL.read.1.tlog
C:\Users\CosimoDavide\Desktop\Star Wars Project\3D Model\3D Model\Debug\CL.write.1.tlog
C:\USERS\COSIMODAVIDE\DESKTOP\STAR WARS PROJECT\3D MODEL\3D MODEL\DEBUG\DEATHSTAR.OBJ
C:\USERS\COSIMODAVIDE\DESKTOP\STAR WARS PROJECT\3D MODEL\3D MODEL\DEBUG\EXPLOSION.OBJ
C:\Users\CosimoDavide\Desktop\Star Wars Project\3D Model\3D Model\Debug\link.1112.read.1.tlog
C:\Users\CosimoDavide\Desktop\Star Wars Project\3D Model\3D Model\Debug\link.1112.write.1.tlog
C:\Users\CosimoDavide\Desktop\Star Wars Project\3D Model\3D Model\Debug\link.1652.read.1.tlog
C:\Users\CosimoDavide\Desktop\Star Wars Project\3D Model\3D Model\Debug\link.1652.write.1.tlog
C:\Users\CosimoDavide\Desktop\Star Wars Project\3D Model\3D Model\Debug\link.1684.read.1.tlog
C:\Users\CosimoDavide\Desktop\Star Wars Project\3D Model\3D Model\Debug\link.1684.write.1.tlog
C:\Users\CosimoDavide\Desktop\Star Wars Project\3D Model\3D Model\Debug\link.1952.read.1.tlog
C:\Users\CosimoDavide\Desktop\Star Wars Project\3D Model\3D Model\Debug\link.1952.write.1.tlog
C:\Users\CosimoDavide\Desktop\Star Wars Project\3D Model\3D Model\Debug\link.2840.read.1.tlog
C:\Users\CosimoDavide\Desktop\Star Wars Project\3D Model\3D Model\Debug\link.2840.write.1.tlog
C:\Users\CosimoDavide\Desktop\Star Wars Project\3D Model\3D Model\Debug\link.292.read.1.tlog
C:\Users\CosimoDavide\Desktop\Star Wars Project\3D Model\3D Model\Debug\link.292.write.1.tlog
C:\Users\CosimoDavide\Desktop\Star Wars Project\3D Model\3D Model\Debug\link.3380.read.1.tlog
C:\Users\CosimoDavide\Desktop\Star Wars Project\3D Model\3D Model\Debug\link.3380.write.1.tlog
C:\Users\CosimoDavide\Desktop\Star Wars Project\3D Model\3D Model\Debug\link.3392.read.1.tlog
C:\Users\CosimoDavide\Desktop\Star Wars Project\3D Model\3D Model\Debug\link.3392.write.1.tlog
C:\Users\CosimoDavide\Desktop\Star Wars Project\3D Model\3D Model\Debug\link.3572.read.1.tlog
C:\Users\CosimoDavide\Desktop\Star Wars Project\3D Model\3D Model\Debug\link.3572.write.1.tlog
C:\Users\CosimoDavide\Desktop\Star Wars Project\3D Model\3D Model\Debug\link.3612.read.1.tlog
C:\Users\CosimoDavide\Desktop\Star Wars Project\3D Model\3D Model\Debug\link.3612.write.1.tlog
C:\Users\CosimoDavide\Desktop\Star Wars Project\3D Model\3D Model\Debug\link.3620.read.1.tlog
C:\Users\CosimoDavide\Desktop\Star Wars Project\3D Model\3D Model\Debug\link.3620.write.1.tlog
C:\Users\CosimoDavide\Desktop\Star Wars Project\3D Model\3D Model\Debug\link.3656.read.1.tlog
C:\Users\CosimoDavide\Desktop\Star Wars Project\3D Model\3D Model\Debug\link.3656.write.1.tlog
C:\Users\CosimoDavide\Desktop\Star Wars Project\3D Model\3D Model\Debug\link.3768.read.1.tlog
C:\Users\CosimoDavide\Desktop\Star Wars Project\3D Model\3D Model\Debug\link.3768.write.1.tlog
C:\Users\CosimoDavide\Desktop\Star Wars Project\3D Model\3D Model\Debug\link.3788.read.1.tlog
C:\Users\CosimoDavide\Desktop\Star Wars Project\3D Model\3D Model\Debug\link.3788.write.1.tlog
C:\Users\CosimoDavide\Desktop\Star Wars Project\3D Model\3D Model\Debug\link.3864.read.1.tlog
C:\Users\CosimoDavide\Desktop\Star Wars Project\3D Model\3D Model\Debug\link.3864.write.1.tlog
C:\Users\CosimoDavide\Desktop\Star Wars Project\3D Model\3D Model\Debug\link.3940.read.1.tlog
C:\Users\CosimoDavide\Desktop\Star Wars Project\3D Model\3D Model\Debug\link.3940.write.1.tlog
C:\Users\CosimoDavide\Desktop\Star Wars Project\3D Model\3D Model\Debug\link.4032.read.1.tlog
C:\Users\CosimoDavide\Desktop\Star Wars Project\3D Model\3D Model\Debug\link.4032.write.1.tlog
C:\Users\CosimoDavide\Desktop\Star Wars Project\3D Model\3D Model\Debug\link.4228.read.1.tlog
C:\Users\CosimoDavide\Desktop\Star Wars Project\3D Model\3D Model\Debug\link.4228.write.1.tlog
C:\Users\CosimoDavide\Desktop\Star Wars Project\3D Model\3D Model\Debug\link.4260.read.1.tlog
C:\Users\CosimoDavide\Desktop\Star Wars Project\3D Model\3D Model\Debug\link.4260.write.1.tlog
C:\Users\CosimoDavide\Desktop\Star Wars Project\3D Model\3D Model\Debug\link.4796.read.1.tlog
C:\Users\CosimoDavide\Desktop\Star Wars Project\3D Model\3D Model\Debug\link.4796.write.1.tlog
C:\Users\CosimoDavide\Desktop\Star Wars Project\3D Model\3D Model\Debug\link.556.read.1.tlog
C:\Users\CosimoDavide\Desktop\Star Wars Project\3D Model\3D Model\Debug\link.556.write.1.tlog
C:\Users\CosimoDavide\Desktop\Star Wars Project\3D Model\3D Model\Debug\link.command.1.tlog
C:\Users\CosimoDavide\Desktop\Star Wars Project\3D Model\3D Model\Debug\link.read.1.tlog
C:\Users\CosimoDavide\Desktop\Star Wars Project\3D Model\3D Model\Debug\link.read.2.tlog
C:\Users\CosimoDavide\Desktop\Star Wars Project\3D Model\3D Model\Debug\link.write.1.tlog
C:\USERS\COSIMODAVIDE\DESKTOP\STAR WARS PROJECT\3D MODEL\3D MODEL\DEBUG\MAIN.OBJ
C:\USERS\COSIMODAVIDE\DESKTOP\STAR WARS PROJECT\3D MODEL\3D MODEL\DEBUG\MODEL.OBJ
C:\USERS\COSIMODAVIDE\DESKTOP\STAR WARS PROJECT\3D MODEL\3D MODEL\DEBUG\MODELLO.OBJ
C:\Users\CosimoDavide\Desktop\Star Wars Project\3D Model\3D Model\Debug\mt.command.1.tlog
C:\Users\CosimoDavide\Desktop\Star Wars Project\3D Model\3D Model\Debug\mt.read.1.tlog
C:\Users\CosimoDavide\Desktop\Star Wars Project\3D Model\3D Model\Debug\mt.write.1.tlog
C:\USERS\COSIMODAVIDE\DESKTOP\STAR WARS PROJECT\3D MODEL\3D MODEL\DEBUG\TEXTURE.OBJ
C:\USERS\COSIMODAVIDE\DESKTOP\STAR WARS PROJECT\3D MODEL\3D MODEL\DEBUG\TIEFIGHTER.OBJ
C:\Users\CosimoDavide\Desktop\Star Wars Project\3D Model\3D Model\Debug\vc100.idb
C:\USERS\COSIMODAVIDE\DESKTOP\STAR WARS PROJECT\3D MODEL\3D MODEL\DEBUG\VC100.PDB
C:\USERS\COSIMODAVIDE\DESKTOP\STAR WARS PROJECT\3D MODEL\3D MODEL\DEBUG\XWINGS.OBJ
C:\USERS\COSIMODAVIDE\DESKTOP\STAR WARS PROJECT\3D MODEL\DEBUG\3D MODEL.EXE
C:\USERS\COSIMODAVIDE\DESKTOP\STAR WARS PROJECT\3D MODEL\DEBUG\3D MODEL.PDB
