C:\USERS\COSIMODAVIDE\DESKTOP\PROGETTO\3D MODEL\3D MODEL\RELEASE\3D MODEL.EXE.INTERMEDIATE.MANIFEST
C:\USERS\COSIMODAVIDE\DESKTOP\PROGETTO\3D MODEL\3D MODEL\RELEASE\AUDIO.OBJ
C:\USERS\COSIMODAVIDE\DESKTOP\PROGETTO\3D MODEL\3D MODEL\RELEASE\BULLET.OBJ
C:\USERS\COSIMODAVIDE\DESKTOP\PROGETTO\3D MODEL\3D MODEL\RELEASE\DEATHSTAR.OBJ
C:\USERS\COSIMODAVIDE\DESKTOP\PROGETTO\3D MODEL\3D MODEL\RELEASE\MAIN.OBJ
C:\USERS\COSIMODAVIDE\DESKTOP\PROGETTO\3D MODEL\3D MODEL\RELEASE\MODEL.OBJ
C:\USERS\COSIMODAVIDE\DESKTOP\PROGETTO\3D MODEL\3D MODEL\RELEASE\TIEFIGHTER.OBJ
C:\USERS\COSIMODAVIDE\DESKTOP\PROGETTO\3D MODEL\3D MODEL\RELEASE\VC100.PDB
C:\USERS\COSIMODAVIDE\DESKTOP\PROGETTO\3D MODEL\3D MODEL\RELEASE\XWINGS.OBJ
C:\USERS\COSIMODAVIDE\DESKTOP\PROGETTO\3D MODEL\RELEASE\3D MODEL.EXE
C:\USERS\COSIMODAVIDE\DESKTOP\PROGETTO\3D MODEL\RELEASE\3D MODEL.PDB
C:\USERS\COSIMODAVIDE\DESKTOP\STAR WARS PROJECT\3D MODEL\3D MODEL\RELEASE\3D MODEL.EXE.INTERMEDIATE.MANIFEST
C:\USERS\COSIMODAVIDE\DESKTOP\STAR WARS PROJECT\3D MODEL\3D MODEL\RELEASE\AUDIO.OBJ
C:\USERS\COSIMODAVIDE\DESKTOP\STAR WARS PROJECT\3D MODEL\3D MODEL\RELEASE\BULLET.OBJ
C:\Users\CosimoDavide\Desktop\Star Wars Project\3D Model\3D Model\Release\cl.command.1.tlog
C:\Users\CosimoDavide\Desktop\Star Wars Project\3D Model\3D Model\Release\CL.read.1.tlog
C:\Users\CosimoDavide\Desktop\Star Wars Project\3D Model\3D Model\Release\CL.write.1.tlog
C:\USERS\COSIMODAVIDE\DESKTOP\STAR WARS PROJECT\3D MODEL\3D MODEL\RELEASE\DEATHSTAR.OBJ
C:\USERS\COSIMODAVIDE\DESKTOP\STAR WARS PROJECT\3D MODEL\3D MODEL\RELEASE\EXPLOSION.OBJ
C:\Users\CosimoDavide\Desktop\Star Wars Project\3D Model\3D Model\Release\link.command.1.tlog
C:\Users\CosimoDavide\Desktop\Star Wars Project\3D Model\3D Model\Release\link.read.1.tlog
C:\Users\CosimoDavide\Desktop\Star Wars Project\3D Model\3D Model\Release\link.write.1.tlog
C:\USERS\COSIMODAVIDE\DESKTOP\STAR WARS PROJECT\3D MODEL\3D MODEL\RELEASE\MAIN.OBJ
C:\Users\CosimoDavide\Desktop\Star Wars Project\3D Model\3D Model\Release\Model.obj
C:\USERS\COSIMODAVIDE\DESKTOP\STAR WARS PROJECT\3D MODEL\3D MODEL\RELEASE\MODELLO.OBJ
C:\Users\CosimoDavide\Desktop\Star Wars Project\3D Model\3D Model\Release\mt.command.1.tlog
C:\Users\CosimoDavide\Desktop\Star Wars Project\3D Model\3D Model\Release\mt.read.1.tlog
C:\Users\CosimoDavide\Desktop\Star Wars Project\3D Model\3D Model\Release\mt.write.1.tlog
C:\USERS\COSIMODAVIDE\DESKTOP\STAR WARS PROJECT\3D MODEL\3D MODEL\RELEASE\TEXTURE.OBJ
C:\USERS\COSIMODAVIDE\DESKTOP\STAR WARS PROJECT\3D MODEL\3D MODEL\RELEASE\TIEFIGHTER.OBJ
C:\USERS\COSIMODAVIDE\DESKTOP\STAR WARS PROJECT\3D MODEL\3D MODEL\RELEASE\VC100.PDB
C:\USERS\COSIMODAVIDE\DESKTOP\STAR WARS PROJECT\3D MODEL\3D MODEL\RELEASE\XWINGS.OBJ
C:\USERS\COSIMODAVIDE\DESKTOP\STAR WARS PROJECT\3D MODEL\RELEASE\3D MODEL.EXE
C:\USERS\COSIMODAVIDE\DESKTOP\STAR WARS PROJECT\3D MODEL\RELEASE\3D MODEL.PDB
